<?xml version="1.0" encoding="utf-8"?><testsuites name="pytest tests"><testsuite name="pytest" errors="0" failures="2" skipped="0" tests="12" time="7.091" timestamp="2026-06-12T20:57:58.221587+00:00" hostname="agent-env-217a33c5-c715-4345-9a3e-9abb0cb852d0"><testcase classname="backend.tests.test_iteration3.TestSecurityHeaders" name="test_root_status_and_headers" time="0.242" /><testcase classname="backend.tests.test_iteration3.TestRateLimit" name="test_login_rate_limit_429" time="1.354"><failure message="AssertionError: Expected 429 within 12 attempts, last=401&#10;assert False">backend/tests/test_iteration3.py:102: in test_login_rate_limit_429
    assert got_429, f"Expected 429 within 12 attempts, last={last_status}"
E   AssertionError: Expected 429 within 12 attempts, last=401
E   assert False</failure></testcase><testcase classname="backend.tests.test_iteration3.TestProductsFilter" name="test_filter_organic_instock_price_sort" time="0.191" /><testcase classname="backend.tests.test_iteration3.TestRelated" name="test_related_excludes_self_same_category" time="0.288" /><testcase classname="backend.tests.test_iteration3.TestReviews" name="test_review_requires_order_403" time="0.799" /><testcase classname="backend.tests.test_iteration3.TestReviews" name="test_post_review_then_get_and_idempotent" time="0.840" /><testcase classname="backend.tests.test_iteration3.TestWishlist" name="test_toggle_and_get" time="0.432" /><testcase classname="backend.tests.test_iteration3.TestStockDecrement" name="test_stock_decrements_after_order" time="1.311" /><testcase classname="backend.tests.test_iteration3.TestOrderStatusHistory" name="test_status_transitions_append_history" time="0.645" /><testcase classname="backend.tests.test_iteration3.TestPasswordReset" name="test_forgot_returns_demo_token_then_reset_and_login" time="0.419"><failure message="AssertionError: {'ok': True}&#10;assert None">backend/tests/test_iteration3.py:290: in test_forgot_returns_demo_token_then_reset_and_login
    assert token, f.json()
E   AssertionError: {'ok': True}
E   assert None</failure></testcase><testcase classname="backend.tests.test_iteration3.TestNewsletter" name="test_subscribe_then_admin_lists" time="0.200" /><testcase classname="backend.tests.test_iteration3.TestNewsletter" name="test_admin_required" time="0.098" /></testsuite></testsuites>