<?xml version="1.0" encoding="utf-8"?><testsuites name="pytest tests"><testsuite name="pytest" errors="0" failures="0" skipped="0" tests="19" time="4.662" timestamp="2026-06-12T19:00:36.489237+00:00" hostname="agent-env-217a33c5-c715-4345-9a3e-9abb0cb852d0"><testcase classname="backend.tests.test_backend.TestAuth" name="test_admin_login" time="0.500" /><testcase classname="backend.tests.test_backend.TestAuth" name="test_signup_new" time="0.348" /><testcase classname="backend.tests.test_backend.TestAddressBook" name="test_empty_initial" time="0.142" /><testcase classname="backend.tests.test_backend.TestAddressBook" name="test_first_address_auto_default" time="0.136" /><testcase classname="backend.tests.test_backend.TestAddressBook" name="test_add_second_non_default" time="0.218" /><testcase classname="backend.tests.test_backend.TestAddressBook" name="test_update_set_default" time="0.230" /><testcase classname="backend.tests.test_backend.TestAddressBook" name="test_update_fields" time="0.148" /><testcase classname="backend.tests.test_backend.TestAddressBook" name="test_delete_default_promotes" time="0.236" /><testcase classname="backend.tests.test_backend.TestSiteSettings" name="test_get_defaults" time="0.115" /><testcase classname="backend.tests.test_backend.TestSiteSettings" name="test_admin_update" time="0.219" /><testcase classname="backend.tests.test_backend.TestBanners" name="test_public_list" time="0.097" /><testcase classname="backend.tests.test_backend.TestBanners" name="test_admin_crud" time="0.455" /><testcase classname="backend.tests.test_backend.TestBanners" name="test_admin_required" time="0.100" /><testcase classname="backend.tests.test_backend.TestCoupons" name="test_admin_list" time="0.126" /><testcase classname="backend.tests.test_backend.TestCoupons" name="test_apply_valid" time="0.160" /><testcase classname="backend.tests.test_backend.TestCoupons" name="test_apply_below_min" time="0.102" /><testcase classname="backend.tests.test_backend.TestCoupons" name="test_apply_invalid_code" time="0.165" /><testcase classname="backend.tests.test_backend.TestCoupons" name="test_unique_code" time="0.344" /><testcase classname="backend.tests.test_backend.TestOrderCoupon" name="test_order_with_coupon_increments_used" time="0.547" /></testsuite></testsuites>